Flow report for Projeto_Base
Thu Jun 01 21:24:30 2017
Quartus II 32-bit Version 13.0.0 Build 156 04/24/2013 SJ Web Edition


---------------------
; Table of Contents ;
---------------------
  1. Legal Notice
  2. Flow Summary
  3. Flow Settings
  4. Flow Non-Default Global Settings
  5. Flow Elapsed Time
  6. Flow OS Summary
  7. Flow Log
  8. Flow Messages
  9. Flow Suppressed Messages



----------------
; Legal Notice ;
----------------
Copyright (C) 1991-2013 Altera Corporation
Your use of Altera Corporation's design tools, logic functions 
and other software and tools, and its AMPP partner logic 
functions, and any output files from any of the foregoing 
(including device programming or simulation files), and any 
associated documentation or information are expressly subject 
to the terms and conditions of the Altera Program License 
Subscription Agreement, Altera MegaCore Function License 
Agreement, or other applicable license agreement, including, 
without limitation, that your use is for the sole purpose of 
programming logic devices manufactured by Altera and sold by 
Altera or its authorized distributors.  Please refer to the 
applicable agreement for further details.



+---------------------------------------------------------------------------------+
; Flow Summary                                                                    ;
+------------------------------------+--------------------------------------------+
; Flow Status                        ; Successful - Thu Jun 01 21:24:30 2017      ;
; Quartus II 32-bit Version          ; 13.0.0 Build 156 04/24/2013 SJ Web Edition ;
; Revision Name                      ; Projeto_Base                               ;
; Top-level Entity Name              ; Projeto_Base                               ;
; Family                             ; Cyclone II                                 ;
; Device                             ; EP2C20F484C7                               ;
; Timing Models                      ; Final                                      ;
; Total logic elements               ; 9,653 / 18,752 ( 51 % )                    ;
;     Total combinational functions  ; 9,653 / 18,752 ( 51 % )                    ;
;     Dedicated logic registers      ; 119 / 18,752 ( < 1 % )                     ;
; Total registers                    ; 119                                        ;
; Total pins                         ; 29 / 315 ( 9 % )                           ;
; Total virtual pins                 ; 0                                          ;
; Total memory bits                  ; 0 / 239,616 ( 0 % )                        ;
; Embedded Multiplier 9-bit elements ; 0 / 52 ( 0 % )                             ;
; Total PLLs                         ; 0 / 4 ( 0 % )                              ;
+------------------------------------+--------------------------------------------+


+-----------------------------------------+
; Flow Settings                           ;
+-------------------+---------------------+
; Option            ; Setting             ;
+-------------------+---------------------+
; Start date & time ; 06/01/2017 21:11:52 ;
; Main task         ; Compilation         ;
; Revision Name     ; Projeto_Base        ;
+-------------------+---------------------+


+-------------------------------------------------------------------------------------------------------------------+
; Flow Non-Default Global Settings                                                                                  ;
+-------------------------------------+------------------------------+---------------+-------------+----------------+
; Assignment Name                     ; Value                        ; Default Value ; Entity Name ; Section Id     ;
+-------------------------------------+------------------------------+---------------+-------------+----------------+
; COMPILER_SIGNATURE_ID               ; 622598553063.149636230205252 ; --            ; --          ; --             ;
; EDA_OUTPUT_DATA_FORMAT              ; Vhdl                         ; --            ; --          ; eda_simulation ;
; EDA_SIMULATION_TOOL                 ; Active-HDL (VHDL)            ; <None>        ; --          ; --             ;
; EDA_TIME_SCALE                      ; 1 ps                         ; --            ; --          ; eda_simulation ;
; MAX_CORE_JUNCTION_TEMP              ; 85                           ; --            ; --          ; --             ;
; MIN_CORE_JUNCTION_TEMP              ; 0                            ; --            ; --          ; --             ;
; PARTITION_COLOR                     ; 16764057                     ; --            ; --          ; Top            ;
; PARTITION_FITTER_PRESERVATION_LEVEL ; PLACEMENT_AND_ROUTING        ; --            ; --          ; Top            ;
; PARTITION_NETLIST_TYPE              ; SOURCE                       ; --            ; --          ; Top            ;
; PROJECT_OUTPUT_DIRECTORY            ; output_files                 ; --            ; --          ; --             ;
+-------------------------------------+------------------------------+---------------+-------------+----------------+


+-------------------------------------------------------------------------------------------------------------------------------+
; Flow Elapsed Time                                                                                                             ;
+---------------------------+--------------+-------------------------+---------------------+------------------------------------+
; Module Name               ; Elapsed Time ; Average Processors Used ; Peak Virtual Memory ; Total CPU Time (on all processors) ;
+---------------------------+--------------+-------------------------+---------------------+------------------------------------+
; Analysis & Synthesis      ; 00:05:24     ; 1.0                     ; 433 MB              ; 00:05:12                           ;
; Fitter                    ; 00:05:38     ; 1.0                     ; 509 MB              ; 00:05:32                           ;
; Assembler                 ; 00:00:08     ; 1.0                     ; 343 MB              ; 00:00:04                           ;
; TimeQuest Timing Analyzer ; 00:00:09     ; 1.0                     ; 375 MB              ; 00:00:04                           ;
; EDA Netlist Writer        ; 00:00:59     ; 1.0                     ; 371 MB              ; 00:00:16                           ;
; Total                     ; 00:12:18     ; --                      ; --                  ; 00:11:08                           ;
+---------------------------+--------------+-------------------------+---------------------+------------------------------------+


+----------------------------------------------------------------------------------------+
; Flow OS Summary                                                                        ;
+---------------------------+------------------+-----------+------------+----------------+
; Module Name               ; Machine Hostname ; OS Name   ; OS Version ; Processor type ;
+---------------------------+------------------+-----------+------------+----------------+
; Analysis & Synthesis      ; MOCLET14L13      ; Windows 7 ; 6.1        ; i686           ;
; Fitter                    ; MOCLET14L13      ; Windows 7 ; 6.1        ; i686           ;
; Assembler                 ; MOCLET14L13      ; Windows 7 ; 6.1        ; i686           ;
; TimeQuest Timing Analyzer ; MOCLET14L13      ; Windows 7 ; 6.1        ; i686           ;
; EDA Netlist Writer        ; MOCLET14L13      ; Windows 7 ; 6.1        ; i686           ;
+---------------------------+------------------+-----------+------------+----------------+


------------
; Flow Log ;
------------
quartus_map --read_settings_files=on --write_settings_files=off Projeto_Base -c Projeto_Base
quartus_fit --read_settings_files=off --write_settings_files=off Projeto_Base -c Projeto_Base
quartus_asm --read_settings_files=off --write_settings_files=off Projeto_Base -c Projeto_Base
quartus_sta Projeto_Base -c Projeto_Base
quartus_eda --read_settings_files=off --write_settings_files=off Projeto_Base -c Projeto_Base



